<?xml version="1.0" encoding="utf-8"?><testsuites name="pytest tests"><testsuite name="pytest" errors="0" failures="0" skipped="0" tests="19" time="4.025" timestamp="2026-04-24T21:25:48.249886+00:00" hostname="agent-env-b270af53-25f0-4510-bcf1-62dcc2603013"><testcase classname="backend.tests.backend_test.TestAuth" name="test_root" time="0.169" /><testcase classname="backend.tests.backend_test.TestAuth" name="test_login_admin" time="0.354" /><testcase classname="backend.tests.backend_test.TestAuth" name="test_login_invalid_password" time="0.366" /><testcase classname="backend.tests.backend_test.TestAuth" name="test_me_endpoint" time="0.389" /><testcase classname="backend.tests.backend_test.TestAuth" name="test_me_unauthenticated" time="0.105" /><testcase classname="backend.tests.backend_test.TestAuth" name="test_register_therapist_user" time="0.399" /><testcase classname="backend.tests.backend_test.TestTherapists" name="test_create_therapist_with_geocode" time="0.173" /><testcase classname="backend.tests.backend_test.TestTherapists" name="test_list_therapists_admin" time="0.052" /><testcase classname="backend.tests.backend_test.TestTherapists" name="test_update_therapist_regeocode" time="0.267" /><testcase classname="backend.tests.backend_test.TestTherapists" name="test_non_admin_cannot_create_therapist" time="0.398" /><testcase classname="backend.tests.backend_test.TestClients" name="test_create_client" time="0.212" /><testcase classname="backend.tests.backend_test.TestClients" name="test_list_clients" time="0.050" /><testcase classname="backend.tests.backend_test.TestMatching" name="test_match_returns_scored_list" time="0.372" /><testcase classname="backend.tests.backend_test.TestSessions" name="test_create_session_and_overlap_rejection" time="0.113" /><testcase classname="backend.tests.backend_test.TestSessions" name="test_long_session_flags_rest_break" time="0.052" /><testcase classname="backend.tests.backend_test.TestSessions" name="test_list_sessions_with_filter" time="0.053" /><testcase classname="backend.tests.backend_test.TestSessions" name="test_client_scheduled_hours_updated" time="0.060" /><testcase classname="backend.tests.backend_test.TestDashboard" name="test_stats" time="0.058" /><testcase classname="backend.tests.backend_test.TestZZCleanup" name="test_cleanup" time="0.224" /></testsuite></testsuites>